[2020-10-31T15:23:51.893] [DEBUG] cheese - login => username:zs,password:123456
[2020-10-31T15:23:51.898] [DEBUG] cheese - zs
[2020-10-31T15:23:52.534] [DEBUG] cheese - null
[2020-10-31T15:23:52.546] [DEBUG] cheese - null
[2020-10-31T15:30:29.700] [DEBUG] cheese - login => username:admin,password:123456
[2020-10-31T15:30:29.700] [DEBUG] cheese - admin
[2020-10-31T15:30:29.725] [DEBUG] cheese - null
[2020-10-31T15:30:29.726] [DEBUG] cheese - null
[2020-11-02T14:29:23.592] [DEBUG] cheese - login => username:zsdsf,password:123sdfsd
[2020-11-02T14:29:23.606] [DEBUG] cheese - zsdsf
[2020-11-02T14:29:23.678] [DEBUG] cheese - null
[2020-11-02T14:29:23.688] [DEBUG] cheese - null
[2020-11-02T14:30:30.153] [DEBUG] cheese - login => username:zssdfds,password:123sdfaf
[2020-11-02T14:30:30.153] [DEBUG] cheese - zssdfds
[2020-11-02T14:30:30.159] [DEBUG] cheese - null
[2020-11-02T14:30:30.160] [DEBUG] cheese - null
[2020-11-02T14:32:51.335] [DEBUG] cheese - login => username:zshjgh,password:123324
[2020-11-02T14:32:51.335] [DEBUG] cheese - zshjgh
[2020-11-02T14:32:51.339] [DEBUG] cheese - null
[2020-11-02T14:32:51.340] [DEBUG] cheese - null
[2020-11-02T14:34:10.349] [DEBUG] cheese - login => username:zs68767,password:123jhjkml
[2020-11-02T14:34:10.350] [DEBUG] cheese - zs68767
[2020-11-02T14:34:10.354] [DEBUG] cheese - null
[2020-11-02T14:34:10.354] [DEBUG] cheese - null
[2020-11-02T14:37:08.031] [DEBUG] cheese - login => username:admin,password:123456
[2020-11-02T14:37:08.031] [DEBUG] cheese - admin
[2020-11-02T14:37:08.042] [DEBUG] cheese - null
[2020-11-02T14:37:08.043] [DEBUG] cheese - null
[2020-11-02T14:42:46.442] [DEBUG] cheese - login => username:admin,password:123456
[2020-11-02T14:42:46.442] [DEBUG] cheese - admin
[2020-11-02T14:42:46.480] [DEBUG] cheese - null
[2020-11-02T14:42:46.480] [DEBUG] cheese - null
[2020-11-02T14:43:06.261] [DEBUG] cheese - login => username:admin,password:123456
[2020-11-02T14:43:06.262] [DEBUG] cheese - admin
[2020-11-02T14:43:06.267] [DEBUG] cheese - null
[2020-11-02T14:43:06.268] [DEBUG] cheese - null
[2020-11-02T14:43:42.661] [DEBUG] cheese - login => username:admin,password:123456
[2020-11-02T14:43:42.661] [DEBUG] cheese - admin
[2020-11-02T14:43:42.667] [DEBUG] cheese - null
[2020-11-02T14:43:42.667] [DEBUG] cheese - null
[2020-11-02T14:43:56.988] [DEBUG] cheese - login => username:admin,password:123456
[2020-11-02T14:43:56.988] [DEBUG] cheese - admin
[2020-11-02T14:43:56.991] [DEBUG] cheese - null
[2020-11-02T14:43:56.991] [DEBUG] cheese - null
[2020-11-02T14:44:34.397] [DEBUG] cheese - login => username:zswer,password:12334432
[2020-11-02T14:44:34.398] [DEBUG] cheese - zswer
[2020-11-02T14:44:34.400] [DEBUG] cheese - null
[2020-11-02T14:44:34.400] [DEBUG] cheese - null
[2020-11-02T14:44:35.300] [DEBUG] cheese - login => username:zswer,password:12334432
[2020-11-02T14:44:35.301] [DEBUG] cheese - zswer
[2020-11-02T14:44:35.325] [DEBUG] cheese - null
[2020-11-02T14:44:35.326] [DEBUG] cheese - null
[2020-11-02T14:46:24.666] [DEBUG] cheese - login => username:zs234,password:123324423
[2020-11-02T14:46:24.667] [DEBUG] cheese - zs234
[2020-11-02T14:46:24.682] [DEBUG] cheese - null
[2020-11-02T14:46:24.683] [DEBUG] cheese - null
[2020-11-02T14:46:26.701] [DEBUG] cheese - login => username:zs234,password:123324423
[2020-11-02T14:46:26.701] [DEBUG] cheese - zs234
[2020-11-02T14:46:26.712] [DEBUG] cheese - null
[2020-11-02T14:46:26.712] [DEBUG] cheese - null
[2020-11-02T14:46:33.903] [DEBUG] cheese - login => username:admin,password:123456
[2020-11-02T14:46:33.904] [DEBUG] cheese - admin
[2020-11-02T14:46:33.913] [DEBUG] cheese - null
[2020-11-02T14:46:33.913] [DEBUG] cheese - null
[2020-11-02T14:51:00.322] [DEBUG] cheese - login => username:admin,password:123456
[2020-11-02T14:51:00.322] [DEBUG] cheese - admin
[2020-11-02T14:51:00.325] [DEBUG] cheese - null
[2020-11-02T14:51:00.325] [DEBUG] cheese - null
[2020-11-02T15:02:06.877] [DEBUG] cheese - login => username:admin,password:123456
[2020-11-02T15:02:06.878] [DEBUG] cheese - admin
[2020-11-02T15:02:08.648] [DEBUG] cheese - null
[2020-11-02T15:02:08.648] [DEBUG] cheese - null
[2020-11-02T15:02:31.226] [DEBUG] cheese - login => username:admin,password:123456
[2020-11-02T15:02:31.226] [DEBUG] cheese - admin
[2020-11-02T15:02:31.230] [DEBUG] cheese - null
[2020-11-02T15:02:31.231] [DEBUG] cheese - null
[2020-11-02T15:03:16.764] [DEBUG] cheese - login => username:admin,password:123456
[2020-11-02T15:03:16.764] [DEBUG] cheese - admin
[2020-11-02T15:03:16.769] [DEBUG] cheese - null
[2020-11-02T15:03:16.769] [DEBUG] cheese - null
[2020-11-02T16:55:29.102] [DEBUG] cheese - login => username:admin,password:123456
[2020-11-02T16:55:29.103] [DEBUG] cheese - admin
[2020-11-02T16:55:30.868] [DEBUG] cheese - null
[2020-11-02T16:55:30.869] [DEBUG] cheese - null
[2020-11-02T19:21:46.763] [DEBUG] cheese - login => username:admin,password:123456
[2020-11-02T19:21:46.771] [DEBUG] cheese - admin
[2020-11-02T19:21:46.903] [DEBUG] cheese - null
[2020-11-02T19:21:46.904] [DEBUG] cheese - null
[2020-11-02T19:21:56.517] [DEBUG] cheese - login => username:admin,password:123456
[2020-11-02T19:21:56.517] [DEBUG] cheese - admin
[2020-11-02T19:21:56.546] [DEBUG] cheese - null
[2020-11-02T19:21:56.546] [DEBUG] cheese - null
[2020-11-02T19:22:08.363] [DEBUG] cheese - login => username:admin,password:123456
[2020-11-02T19:22:08.364] [DEBUG] cheese - admin
[2020-11-02T19:22:08.370] [DEBUG] cheese - null
[2020-11-02T19:22:08.370] [DEBUG] cheese - null
[2020-11-02T19:22:21.900] [DEBUG] cheese - login => username:admin,password:123456
[2020-11-02T19:22:21.900] [DEBUG] cheese - admin
[2020-11-02T19:22:21.907] [DEBUG] cheese - null
[2020-11-02T19:22:21.907] [DEBUG] cheese - null
[2020-11-02T19:24:02.183] [DEBUG] cheese - login => username:admin,password:123456
[2020-11-02T19:24:02.183] [DEBUG] cheese - admin
[2020-11-02T19:24:02.188] [DEBUG] cheese - null
[2020-11-02T19:24:02.188] [DEBUG] cheese - null
[2020-11-02T19:24:05.435] [DEBUG] cheese - login => username:admin,password:123456
[2020-11-02T19:24:05.436] [DEBUG] cheese - admin
[2020-11-02T19:24:05.439] [DEBUG] cheese - null
[2020-11-02T19:24:05.440] [DEBUG] cheese - null
[2020-11-02T19:24:06.122] [DEBUG] cheese - login => username:admin,password:123456
[2020-11-02T19:24:06.122] [DEBUG] cheese - admin
[2020-11-02T19:24:06.128] [DEBUG] cheese - null
[2020-11-02T19:24:06.128] [DEBUG] cheese - null
[2020-11-02T19:24:06.357] [DEBUG] cheese - login => username:admin,password:123456
[2020-11-02T19:24:06.357] [DEBUG] cheese - admin
[2020-11-02T19:24:06.367] [DEBUG] cheese - null
[2020-11-02T19:24:06.367] [DEBUG] cheese - null
[2020-11-02T19:24:09.159] [DEBUG] cheese - login => username:admin,password:123456
[2020-11-02T19:24:09.160] [DEBUG] cheese - admin
[2020-11-02T19:24:09.164] [DEBUG] cheese - null
[2020-11-02T19:24:09.164] [DEBUG] cheese - null
[2020-11-02T19:24:09.395] [DEBUG] cheese - login => username:admin,password:123456
[2020-11-02T19:24:09.395] [DEBUG] cheese - admin
[2020-11-02T19:24:09.401] [DEBUG] cheese - null
[2020-11-02T19:24:09.402] [DEBUG] cheese - null
[2020-11-02T19:24:09.606] [DEBUG] cheese - login => username:admin,password:123456
[2020-11-02T19:24:09.606] [DEBUG] cheese - admin
[2020-11-02T19:24:09.623] [DEBUG] cheese - null
[2020-11-02T19:24:09.623] [DEBUG] cheese - null
[2020-11-02T19:24:09.883] [DEBUG] cheese - login => username:admin,password:123456
[2020-11-02T19:24:09.883] [DEBUG] cheese - admin
[2020-11-02T19:24:09.888] [DEBUG] cheese - null
[2020-11-02T19:24:09.889] [DEBUG] cheese - null
[2020-11-02T19:24:10.022] [DEBUG] cheese - login => username:admin,password:123456
[2020-11-02T19:24:10.022] [DEBUG] cheese - admin
[2020-11-02T19:24:10.028] [DEBUG] cheese - null
[2020-11-02T19:24:10.028] [DEBUG] cheese - null
[2020-11-02T19:24:25.969] [DEBUG] cheese - login => username:admin,password:123456
[2020-11-02T19:24:25.969] [DEBUG] cheese - admin
[2020-11-02T19:24:25.972] [DEBUG] cheese - null
[2020-11-02T19:24:25.972] [DEBUG] cheese - null
[2020-11-02T19:25:57.402] [DEBUG] cheese - login => username:admin,password:123456
[2020-11-02T19:25:57.403] [DEBUG] cheese - admin
[2020-11-02T19:25:57.408] [DEBUG] cheese - null
[2020-11-02T19:25:57.409] [DEBUG] cheese - null
[2020-11-02T21:22:33.270] [DEBUG] cheese - login => username:admin,password:123456
[2020-11-02T21:22:33.274] [DEBUG] cheese - admin
[2020-11-02T21:22:35.161] [DEBUG] cheese - null
[2020-11-02T21:22:35.162] [DEBUG] cheese - null
[2020-11-02T21:22:41.330] [DEBUG] cheese - login => username:admin,password:123456
[2020-11-02T21:22:41.331] [DEBUG] cheese - admin
[2020-11-02T21:22:41.336] [DEBUG] cheese - null
[2020-11-02T21:22:41.336] [DEBUG] cheese - null
[2020-11-02T21:22:49.993] [DEBUG] cheese - login => username:admin,password:123456
[2020-11-02T21:22:49.994] [DEBUG] cheese - admin
[2020-11-02T21:22:50.004] [DEBUG] cheese - null
[2020-11-02T21:22:50.004] [DEBUG] cheese - null
[2020-11-02T21:23:03.310] [DEBUG] cheese - login => username:admin,password:123456
[2020-11-02T21:23:03.310] [DEBUG] cheese - admin
[2020-11-02T21:23:03.317] [DEBUG] cheese - null
[2020-11-02T21:23:03.317] [DEBUG] cheese - null
[2020-11-02T21:23:07.080] [DEBUG] cheese - login => username:admin,password:123456
[2020-11-02T21:23:07.080] [DEBUG] cheese - admin
[2020-11-02T21:23:07.089] [DEBUG] cheese - null
[2020-11-02T21:23:07.089] [DEBUG] cheese - null
[2020-11-02T21:23:57.203] [DEBUG] cheese - login => username:admin,password:123456
[2020-11-02T21:23:57.204] [DEBUG] cheese - admin
[2020-11-02T21:23:57.206] [DEBUG] cheese - null
[2020-11-02T21:23:57.206] [DEBUG] cheese - null
[2020-11-02T21:24:02.959] [DEBUG] cheese - login => username:admin,password:123456
[2020-11-02T21:24:02.960] [DEBUG] cheese - admin
[2020-11-02T21:24:02.965] [DEBUG] cheese - null
[2020-11-02T21:24:02.965] [DEBUG] cheese - null
[2020-11-02T21:24:47.513] [DEBUG] cheese - login => username:admin,password:123456
[2020-11-02T21:24:47.514] [DEBUG] cheese - admin
[2020-11-02T21:24:47.522] [DEBUG] cheese - null
[2020-11-02T21:24:47.523] [DEBUG] cheese - null
[2020-11-02T21:24:57.421] [DEBUG] cheese - login => username:admin,password:123456
[2020-11-02T21:24:57.421] [DEBUG] cheese - admin
[2020-11-02T21:24:57.427] [DEBUG] cheese - null
[2020-11-02T21:24:57.427] [DEBUG] cheese - null
[2020-11-02T21:24:59.778] [DEBUG] cheese - login => username:admin,password:123456
[2020-11-02T21:24:59.778] [DEBUG] cheese - admin
[2020-11-02T21:24:59.781] [DEBUG] cheese - null
[2020-11-02T21:24:59.781] [DEBUG] cheese - null
[2020-11-02T21:27:21.491] [DEBUG] cheese - login => username:admin,password:123456
[2020-11-02T21:27:21.492] [DEBUG] cheese - admin
[2020-11-02T21:27:21.495] [DEBUG] cheese - null
[2020-11-02T21:27:21.495] [DEBUG] cheese - null
[2020-11-02T21:27:24.802] [DEBUG] cheese - login => username:admin,password:123456
[2020-11-02T21:27:24.802] [DEBUG] cheese - admin
[2020-11-02T21:27:24.807] [DEBUG] cheese - null
[2020-11-02T21:27:24.808] [DEBUG] cheese - null
[2020-11-02T21:27:27.355] [DEBUG] cheese - login => username:admin,password:123456
[2020-11-02T21:27:27.366] [DEBUG] cheese - admin
[2020-11-02T21:27:27.373] [DEBUG] cheese - null
[2020-11-02T21:27:27.373] [DEBUG] cheese - null
[2020-11-02T21:29:29.149] [DEBUG] cheese - login => username:admin,password:123456
[2020-11-02T21:29:29.149] [DEBUG] cheese - admin
[2020-11-02T21:29:29.160] [DEBUG] cheese - null
[2020-11-02T21:29:29.160] [DEBUG] cheese - null
[2020-11-02T21:29:34.043] [DEBUG] cheese - login => username:admin,password:342432342432
[2020-11-02T21:29:34.043] [DEBUG] cheese - admin
[2020-11-02T21:29:34.047] [DEBUG] cheese - null
[2020-11-02T21:29:34.047] [DEBUG] cheese - null
[2020-11-02T21:29:38.222] [DEBUG] cheese - login => username:admin,password:123456
[2020-11-02T21:29:38.222] [DEBUG] cheese - admin
[2020-11-02T21:29:38.232] [DEBUG] cheese - null
[2020-11-02T21:29:38.232] [DEBUG] cheese - null
[2020-11-02T21:32:05.596] [DEBUG] cheese - login => username:admin,password:123456
[2020-11-02T21:32:05.596] [DEBUG] cheese - admin
[2020-11-02T21:32:05.603] [DEBUG] cheese - null
[2020-11-02T21:32:05.603] [DEBUG] cheese - null
[2020-11-02T21:33:04.693] [DEBUG] cheese - login => username:admin,password:123456
[2020-11-02T21:33:04.693] [DEBUG] cheese - admin
[2020-11-02T21:33:04.698] [DEBUG] cheese - null
[2020-11-02T21:33:04.698] [DEBUG] cheese - null
[2020-11-02T21:34:00.608] [DEBUG] cheese - login => username:admin,password:123456
[2020-11-02T21:34:00.609] [DEBUG] cheese - admin
[2020-11-02T21:34:00.612] [DEBUG] cheese - null
[2020-11-02T21:34:00.613] [DEBUG] cheese - null
[2020-11-02T21:34:47.087] [DEBUG] cheese - login => username:admin,password:123456
[2020-11-02T21:34:47.087] [DEBUG] cheese - admin
[2020-11-02T21:34:47.092] [DEBUG] cheese - null
[2020-11-02T21:34:47.093] [DEBUG] cheese - null
[2020-11-02T21:35:02.623] [DEBUG] cheese - login => username:admin,password:123456
[2020-11-02T21:35:02.624] [DEBUG] cheese - admin
[2020-11-02T21:35:02.627] [DEBUG] cheese - null
[2020-11-02T21:35:02.627] [DEBUG] cheese - null
[2020-11-02T21:35:13.049] [DEBUG] cheese - login => username:admin,password:123456
[2020-11-02T21:35:13.049] [DEBUG] cheese - admin
[2020-11-02T21:35:13.056] [DEBUG] cheese - null
[2020-11-02T21:35:13.057] [DEBUG] cheese - null
[2020-11-02T21:35:21.971] [DEBUG] cheese - login => username:admin,password:123456
[2020-11-02T21:35:21.973] [DEBUG] cheese - admin
[2020-11-02T21:35:21.977] [DEBUG] cheese - null
[2020-11-02T21:35:21.977] [DEBUG] cheese - null
[2020-11-02T21:36:04.949] [DEBUG] cheese - login => username:admin,password:123456
[2020-11-02T21:36:04.949] [DEBUG] cheese - admin
[2020-11-02T21:36:04.955] [DEBUG] cheese - null
[2020-11-02T21:36:04.955] [DEBUG] cheese - null
[2020-11-02T21:36:52.794] [DEBUG] cheese - login => username:admin,password:123456
[2020-11-02T21:36:52.794] [DEBUG] cheese - admin
[2020-11-02T21:36:52.800] [DEBUG] cheese - null
[2020-11-02T21:36:52.800] [DEBUG] cheese - null
[2020-11-02T21:37:08.439] [DEBUG] cheese - login => username:admin,password:123456
[2020-11-02T21:37:08.439] [DEBUG] cheese - admin
[2020-11-02T21:37:08.443] [DEBUG] cheese - null
[2020-11-02T21:37:08.444] [DEBUG] cheese - null
[2020-11-02T21:37:43.948] [DEBUG] cheese - login => username:admin,password:123456
[2020-11-02T21:37:43.948] [DEBUG] cheese - admin
[2020-11-02T21:37:44.026] [DEBUG] cheese - null
[2020-11-02T21:37:44.026] [DEBUG] cheese - null
[2020-11-02T21:37:45.025] [DEBUG] cheese - login => username:admin,password:123456
[2020-11-02T21:37:45.025] [DEBUG] cheese - admin
[2020-11-02T21:37:45.032] [DEBUG] cheese - null
[2020-11-02T21:37:45.033] [DEBUG] cheese - null
[2020-11-02T21:37:46.568] [DEBUG] cheese - login => username:admin,password:123456
[2020-11-02T21:37:46.568] [DEBUG] cheese - admin
[2020-11-02T21:37:46.574] [DEBUG] cheese - null
[2020-11-02T21:37:46.574] [DEBUG] cheese - null
[2020-11-02T21:37:46.767] [DEBUG] cheese - login => username:admin,password:123456
[2020-11-02T21:37:46.767] [DEBUG] cheese - admin
[2020-11-02T21:37:46.778] [DEBUG] cheese - null
[2020-11-02T21:37:46.778] [DEBUG] cheese - null
[2020-11-02T21:37:46.967] [DEBUG] cheese - login => username:admin,password:123456
[2020-11-02T21:37:46.967] [DEBUG] cheese - admin
[2020-11-02T21:37:46.981] [DEBUG] cheese - null
[2020-11-02T21:37:46.981] [DEBUG] cheese - null
[2020-11-02T21:37:52.774] [DEBUG] cheese - login => username:admin,password:123456
[2020-11-02T21:37:52.774] [DEBUG] cheese - admin
[2020-11-02T21:37:52.782] [DEBUG] cheese - null
[2020-11-02T21:37:52.782] [DEBUG] cheese - null
[2020-11-02T22:01:37.314] [DEBUG] cheese - login => username:admin,password:123456
[2020-11-02T22:01:37.315] [DEBUG] cheese - admin
[2020-11-02T22:01:38.918] [DEBUG] cheese - login => username:admin,password:123456
[2020-11-02T22:01:38.919] [DEBUG] cheese - admin
[2020-11-02T22:01:39.090] [DEBUG] cheese - null
[2020-11-02T22:01:39.090] [DEBUG] cheese - null
[2020-11-02T22:01:39.220] [DEBUG] cheese - null
[2020-11-02T22:01:39.220] [DEBUG] cheese - null
[2020-11-02T22:01:39.570] [DEBUG] cheese - login => username:admin,password:123456
[2020-11-02T22:01:39.571] [DEBUG] cheese - admin
[2020-11-02T22:01:39.573] [DEBUG] cheese - null
[2020-11-02T22:01:39.573] [DEBUG] cheese - null
[2020-11-02T22:01:52.107] [DEBUG] cheese - login => username:admin,password:123456
[2020-11-02T22:01:52.108] [DEBUG] cheese - admin
[2020-11-02T22:01:52.112] [DEBUG] cheese - null
[2020-11-02T22:01:52.112] [DEBUG] cheese - null
[2020-11-02T22:02:02.781] [DEBUG] cheese - login => username:admin,password:123456
[2020-11-02T22:02:02.781] [DEBUG] cheese - admin
[2020-11-02T22:02:02.786] [DEBUG] cheese - null
[2020-11-02T22:02:02.786] [DEBUG] cheese - null
[2020-11-02T22:02:31.251] [DEBUG] cheese - login => username:admin,password:123456
[2020-11-02T22:02:31.252] [DEBUG] cheese - admin
[2020-11-02T22:02:31.254] [DEBUG] cheese - null
[2020-11-02T22:02:31.254] [DEBUG] cheese - null
[2020-11-02T22:02:41.701] [DEBUG] cheese - login => username:admin,password:123456
[2020-11-02T22:02:41.701] [DEBUG] cheese - admin
[2020-11-02T22:02:41.703] [DEBUG] cheese - null
[2020-11-02T22:02:41.704] [DEBUG] cheese - null
[2020-11-02T22:03:21.778] [DEBUG] cheese - login => username:admin,password:123456
[2020-11-02T22:03:21.778] [DEBUG] cheese - admin
[2020-11-02T22:03:21.781] [DEBUG] cheese - null
[2020-11-02T22:03:21.781] [DEBUG] cheese - null
[2020-11-02T22:03:52.484] [DEBUG] cheese - login => username:admin,password:123456
[2020-11-02T22:03:52.485] [DEBUG] cheese - admin
[2020-11-02T22:03:52.495] [DEBUG] cheese - null
[2020-11-02T22:03:52.496] [DEBUG] cheese - null
[2020-11-02T22:09:51.232] [DEBUG] cheese - login => username:admin,password:123456
[2020-11-02T22:09:51.233] [DEBUG] cheese - admin
[2020-11-02T22:09:51.239] [DEBUG] cheese - null
[2020-11-02T22:09:51.239] [DEBUG] cheese - null
[2020-11-02T23:26:16.222] [DEBUG] cheese - login => username:admin,password:123456
[2020-11-02T23:26:16.227] [DEBUG] cheese - admin
[2020-11-02T23:26:16.484] [DEBUG] cheese - null
[2020-11-02T23:26:16.485] [DEBUG] cheese - null
[2020-11-02T23:46:37.218] [DEBUG] cheese - login => username:admin,password:123456
[2020-11-02T23:46:37.224] [DEBUG] cheese - admin
[2020-11-02T23:46:37.355] [DEBUG] cheese - null
[2020-11-02T23:46:37.356] [DEBUG] cheese - null
[2020-11-03T00:57:56.831] [DEBUG] cheese - login => username:admin,password:123456
[2020-11-03T00:57:56.883] [DEBUG] cheese - admin
[2020-11-03T00:57:57.142] [DEBUG] cheese - null
[2020-11-03T00:57:57.153] [DEBUG] cheese - null
[2020-11-03T01:10:05.035] [DEBUG] cheese - login => username:admin,password:123456
[2020-11-03T01:10:05.036] [DEBUG] cheese - admin
[2020-11-03T01:10:05.048] [DEBUG] cheese - null
[2020-11-03T01:10:05.048] [DEBUG] cheese - null
[2020-11-03T01:11:37.963] [DEBUG] cheese - login => username:admin,password:123456
[2020-11-03T01:11:37.963] [DEBUG] cheese - admin
[2020-11-03T01:11:37.967] [DEBUG] cheese - null
[2020-11-03T01:11:37.967] [DEBUG] cheese - null
[2020-11-03T11:44:00.979] [DEBUG] cheese - login => username:admin,password:123456
[2020-11-03T11:44:00.984] [DEBUG] cheese - admin
[2020-11-03T11:44:01.504] [DEBUG] cheese - null
[2020-11-03T11:44:01.505] [DEBUG] cheese - null
[2020-11-03T11:47:30.681] [DEBUG] cheese - login => username:admin,password:123456
[2020-11-03T11:47:30.681] [DEBUG] cheese - admin
[2020-11-03T11:47:30.686] [DEBUG] cheese - null
[2020-11-03T11:47:30.687] [DEBUG] cheese - null
[2020-11-03T11:54:50.740] [DEBUG] cheese - login => username:admin,password:123456
[2020-11-03T11:54:50.740] [DEBUG] cheese - admin
[2020-11-03T11:54:50.745] [DEBUG] cheese - null
[2020-11-03T11:54:50.745] [DEBUG] cheese - null
[2020-11-03T16:19:40.539] [DEBUG] cheese - login => username:admin,password:123456
[2020-11-03T16:19:40.545] [DEBUG] cheese - admin
[2020-11-03T16:19:40.929] [DEBUG] cheese - null
[2020-11-03T16:19:40.929] [DEBUG] cheese - null
[2020-11-03T16:28:54.587] [DEBUG] cheese - login => username:admin,password:123456
[2020-11-03T16:28:54.587] [DEBUG] cheese - admin
[2020-11-03T16:28:54.593] [DEBUG] cheese - null
[2020-11-03T16:28:54.593] [DEBUG] cheese - null
[2020-11-03T17:28:27.173] [DEBUG] cheese - login => username:admin,password:123456
[2020-11-03T17:28:27.184] [DEBUG] cheese - admin
[2020-11-03T17:28:29.195] [DEBUG] cheese - null
[2020-11-03T17:28:29.196] [DEBUG] cheese - null
[2020-11-03T22:13:36.468] [DEBUG] cheese - login => username:admin,password:123456
[2020-11-03T22:13:36.492] [DEBUG] cheese - admin
[2020-11-03T22:13:36.538] [DEBUG] cheese - null
[2020-11-03T22:13:36.539] [DEBUG] cheese - null
[2020-11-03T22:18:03.850] [DEBUG] cheese - login => username:admin,password:123456
[2020-11-03T22:18:03.850] [DEBUG] cheese - admin
[2020-11-03T22:18:03.854] [DEBUG] cheese - null
[2020-11-03T22:18:03.854] [DEBUG] cheese - null
[2020-11-04T02:00:46.603] [DEBUG] cheese - login => username:admin,password:123456
[2020-11-04T02:00:46.663] [DEBUG] cheese - admin
[2020-11-04T02:00:46.697] [DEBUG] cheese - null
[2020-11-04T02:00:46.698] [DEBUG] cheese - null
[2020-11-04T02:02:17.404] [DEBUG] cheese - login => username:admin,password:123456
[2020-11-04T02:02:17.405] [DEBUG] cheese - admin
[2020-11-04T02:02:17.413] [DEBUG] cheese - null
[2020-11-04T02:02:17.414] [DEBUG] cheese - null
[2020-11-04T18:54:20.541] [DEBUG] cheese - login => username:admin,password:123456
[2020-11-04T18:54:20.550] [DEBUG] cheese - admin
[2020-11-04T18:54:20.755] [DEBUG] cheese - null
[2020-11-04T18:54:20.765] [DEBUG] cheese - null
[2020-11-08T15:27:48.227] [DEBUG] cheese - login => username:admin,password:123456
[2020-11-08T15:27:48.295] [DEBUG] cheese - admin
[2020-11-08T15:27:48.627] [DEBUG] cheese - null
[2020-11-08T15:27:48.632] [DEBUG] cheese - null
[2020-11-09T10:42:06.191] [DEBUG] cheese - login => username:admin,password:123456
[2020-11-09T10:42:06.234] [DEBUG] cheese - admin
[2020-11-09T10:42:06.416] [DEBUG] cheese - null
[2020-11-09T10:42:06.428] [DEBUG] cheese - null
[2020-11-11T19:36:45.249] [DEBUG] cheese - login => username:admin,password:123456
[2020-11-11T19:36:45.257] [DEBUG] cheese - admin
[2020-11-11T19:36:45.350] [DEBUG] cheese - null
[2020-11-11T19:36:45.362] [DEBUG] cheese - null
[2020-11-11T19:36:55.818] [DEBUG] cheese - login => username:admin,password:123456
[2020-11-11T19:36:55.818] [DEBUG] cheese - admin
[2020-11-11T19:36:55.823] [DEBUG] cheese - null
[2020-11-11T19:36:55.823] [DEBUG] cheese - null
[2020-11-11T19:39:31.664] [DEBUG] cheese - login => username:admin,password:123456
[2020-11-11T19:39:31.664] [DEBUG] cheese - admin
[2020-11-11T19:39:31.684] [DEBUG] cheese - null
[2020-11-11T19:39:31.684] [DEBUG] cheese - null
[2020-11-11T19:54:06.937] [DEBUG] cheese - login => username:admin,password:123456
[2020-11-11T19:54:06.937] [DEBUG] cheese - admin
[2020-11-11T19:54:06.943] [DEBUG] cheese - null
[2020-11-11T19:54:06.943] [DEBUG] cheese - null
[2020-11-11T19:54:24.169] [DEBUG] cheese - login => username:admin,password:123456
[2020-11-11T19:54:24.169] [DEBUG] cheese - admin
[2020-11-11T19:54:24.174] [DEBUG] cheese - null
[2020-11-11T19:54:24.175] [DEBUG] cheese - null
[2020-11-11T19:55:08.851] [DEBUG] cheese - login => username:admin,password:123456
[2020-11-11T19:55:08.851] [DEBUG] cheese - admin
[2020-11-11T19:55:08.856] [DEBUG] cheese - null
[2020-11-11T19:55:08.856] [DEBUG] cheese - null
[2020-11-11T19:55:31.713] [DEBUG] cheese - login => username:admin,password:123456
[2020-11-11T19:55:31.713] [DEBUG] cheese - admin
[2020-11-11T19:55:31.716] [DEBUG] cheese - null
[2020-11-11T19:55:31.716] [DEBUG] cheese - null
[2020-11-11T19:55:53.855] [DEBUG] cheese - login => username:admin,password:123456
[2020-11-11T19:55:53.855] [DEBUG] cheese - admin
[2020-11-11T19:55:53.861] [DEBUG] cheese - null
[2020-11-11T19:55:53.861] [DEBUG] cheese - null
[2020-11-12T23:25:26.750] [DEBUG] cheese - login => username:admin,password:123456
[2020-11-12T23:25:26.758] [DEBUG] cheese - admin
[2020-11-12T23:25:26.790] [DEBUG] cheese - null
[2020-11-12T23:25:26.790] [DEBUG] cheese - null
[2020-11-13T00:39:55.681] [DEBUG] cheese - login => username:admin,password:123456
[2020-11-13T00:39:55.685] [DEBUG] cheese - admin
[2020-11-13T00:39:55.744] [DEBUG] cheese - null
[2020-11-13T00:39:55.757] [DEBUG] cheese - null
[2020-11-13T12:10:38.199] [DEBUG] cheese - login => username:admin,password:123456
[2020-11-13T12:10:38.245] [DEBUG] cheese - admin
[2020-11-13T12:10:38.380] [DEBUG] cheese - null
[2020-11-13T12:10:38.395] [DEBUG] cheese - null
[2020-11-13T12:34:17.745] [DEBUG] cheese - login => username:admin,password:123456
[2020-11-13T12:34:19.465] [DEBUG] cheese - admin
[2020-11-13T12:34:19.540] [DEBUG] cheese - null
[2020-11-13T12:34:19.542] [DEBUG] cheese - null
[2020-11-13T16:00:18.100] [DEBUG] cheese - login => username:admin,password:123456
[2020-11-13T16:00:19.873] [DEBUG] cheese - admin
[2020-11-13T16:00:19.959] [DEBUG] cheese - null
[2020-11-13T16:00:19.973] [DEBUG] cheese - null
[2020-12-06T14:33:31.148] [DEBUG] cheese - login => username:admin,password:123456
[2020-12-06T14:33:31.193] [DEBUG] cheese - admin
[2020-12-06T14:33:31.257] [DEBUG] cheese - null
[2020-12-06T14:33:31.258] [DEBUG] cheese - null
[2020-12-06T14:48:02.168] [DEBUG] cheese - login => username:admin,password:123456
[2020-12-06T14:48:02.172] [DEBUG] cheese - admin
[2020-12-06T14:48:03.488] [DEBUG] cheese - login => username:admin,password:123456
[2020-12-06T14:48:03.488] [DEBUG] cheese - admin
[2020-12-06T14:48:04.120] [DEBUG] cheese - null
[2020-12-06T14:48:04.123] [DEBUG] cheese - null
[2020-12-06T14:48:04.262] [DEBUG] cheese - null
[2020-12-06T14:48:04.262] [DEBUG] cheese - null
